<?xml version="1.0" encoding="UTF-8"?>
<!-- Generated by org.testng.reporters.JUnitXMLReporter -->
<testsuite ignored="0" hostname="Ozgur-MacBook-Pro.local" failures="0" tests="1" name="Surefire test" time="0.128" errors="0" timestamp="2023-08-19T12:32:07 EDT">
  <testcase classname="runners._08_RunnerForParallelTest" name="@BeforeClass beforeClass" time="0.002">
    <failure type="java.lang.NullPointerException" message="Cannot invoke &amp;quot;String.toLowerCase()&amp;quot; because &amp;quot;browserName&amp;quot; is null">
      <![CDATA[java.lang.NullPointerException: Cannot invoke "String.toLowerCase()" because "browserName" is null
at Utilities.ParameterDriver.setThreadDriverName(ParameterDriver.java:57)
at runners._08_RunnerForParallelTest.beforeClass(_08_RunnerForParallelTest.java:23)
at java.base/java.util.ArrayList.forEach(ArrayList.java:1511)
... Removed 28 stack frames]]>
    </failure>
  </testcase> <!-- @BeforeClass beforeClass -->
  <testcase classname="runners._08_RunnerForParallelTest" name="@AfterClass writeOnExtentReport" time="0.0">
    <skipped/>
  </testcase> <!-- @AfterClass writeOnExtentReport -->
  <testcase classname="io.cucumber.testng.AbstractTestNGCucumberTests" name="runScenario" time="0.0">
    <skipped/>
  </testcase> <!-- runScenario -->
</testsuite> <!-- Surefire test -->
