-------------------------------------------------------------------------------
Test set: TestSuite
-------------------------------------------------------------------------------
Tests run: 3, Failures: 1, Errors: 0, Skipped: 2, Time elapsed: 0.639 s <<< FAILURE! - in TestSuite
beforeClass(runners._08_RunnerForParallelTest)  Time elapsed: 0.205 s  <<< FAILURE!
java.lang.NullPointerException: Cannot invoke "String.toLowerCase()" because "browserName" is null
	at runners._08_RunnerForParallelTest.beforeClass(_08_RunnerForParallelTest.java:23)

