<?xml version="1.0" encoding="UTF-8"?>
<testng-results ignored="0" total="5" passed="5" failed="0" skipped="0">
  <reporter-output>
  </reporter-output>
  <suite started-at="2023-08-23T15:37:03 EDT" name="Surefire suite" finished-at="2023-08-23T15:37:17 EDT" duration-ms="14816">
    <groups>
      <group name="cucumber">
        <method signature="AbstractTestNGCucumberTests.runScenario(io.cucumber.testng.PickleWrapper,io.cucumber.testng.FeatureWrapper)[pri:0, instance:login.LoginRunnerTest@63a65a25]" name="runScenario" class="io.cucumber.testng.AbstractTestNGCucumberTests"/>
        <method signature="AbstractTestNGCucumberTests.runScenario(io.cucumber.testng.PickleWrapper,io.cucumber.testng.FeatureWrapper)[pri:0, instance:paralel.RunCucumberTest@33afa13b]" name="runScenario" class="io.cucumber.testng.AbstractTestNGCucumberTests"/>
        <method signature="AbstractTestNGCucumberTests.runScenario(io.cucumber.testng.PickleWrapper,io.cucumber.testng.FeatureWrapper)[pri:0, instance:poi.LoginRunnerTest@6b26e945]" name="runScenario" class="io.cucumber.testng.AbstractTestNGCucumberTests"/>
      </group> <!-- cucumber -->
    </groups>
    <test started-at="2023-08-23T15:37:03 EDT" name="Surefire test" finished-at="2023-08-23T15:37:17 EDT" duration-ms="14816">
      <class name="login.LoginRunnerTest">
        <test-method is-config="true" signature="setUpClass(org.testng.ITestContext)[pri:0, instance:login.LoginRunnerTest@63a65a25]" started-at="2023-08-23T15:37:10 EDT" name="setUpClass" finished-at="2023-08-23T15:37:10 EDT" duration-ms="13" status="PASS">
          <params>
            <param index="0">
              <value>
                <![CDATA[org.testng.TestRunner@607b2792]]>
              </value>
            </param>
          </params>
          <reporter-output>
          </reporter-output>
        </test-method> <!-- setUpClass -->
        <test-method signature="runScenario(io.cucumber.testng.PickleWrapper,io.cucumber.testng.FeatureWrapper)[pri:0, instance:login.LoginRunnerTest@63a65a25]" started-at="2023-08-23T15:37:10 EDT" name="runScenario" description="Runs Cucumber Scenarios" data-provider="scenarios" finished-at="2023-08-23T15:37:15 EDT" duration-ms="4772" status="PASS">
          <params>
            <param index="0">
              <value>
                <![CDATA["Login with valid username and password firefox"]]>
              </value>
            </param>
            <param index="1">
              <value>
                <![CDATA["Login Functionality"]]>
              </value>
            </param>
          </params>
          <reporter-output>
          </reporter-output>
        </test-method> <!-- runScenario -->
        <test-method signature="runScenario(io.cucumber.testng.PickleWrapper,io.cucumber.testng.FeatureWrapper)[pri:0, instance:login.LoginRunnerTest@63a65a25]" started-at="2023-08-23T15:37:10 EDT" name="runScenario" description="Runs Cucumber Scenarios" data-provider="scenarios" finished-at="2023-08-23T15:37:16 EDT" duration-ms="6241" status="PASS">
          <params>
            <param index="0">
              <value>
                <![CDATA["Login with valid username and password chrome"]]>
              </value>
            </param>
            <param index="1">
              <value>
                <![CDATA["Login Functionality"]]>
              </value>
            </param>
          </params>
          <reporter-output>
          </reporter-output>
        </test-method> <!-- runScenario -->
        <test-method is-config="true" signature="tearDownClass()[pri:0, instance:login.LoginRunnerTest@63a65a25]" started-at="2023-08-23T15:37:16 EDT" name="tearDownClass" finished-at="2023-08-23T15:37:17 EDT" duration-ms="1114" status="PASS">
          <reporter-output>
          </reporter-output>
        </test-method> <!-- tearDownClass -->
      </class> <!-- login.LoginRunnerTest -->
      <class name="paralel.RunCucumberTest">
        <test-method is-config="true" signature="setUpClass(org.testng.ITestContext)[pri:0, instance:paralel.RunCucumberTest@33afa13b]" started-at="2023-08-23T15:37:03 EDT" name="setUpClass" finished-at="2023-08-23T15:37:03 EDT" duration-ms="166" status="PASS">
          <params>
            <param index="0">
              <value>
                <![CDATA[org.testng.TestRunner@607b2792]]>
              </value>
            </param>
          </params>
          <reporter-output>
          </reporter-output>
        </test-method> <!-- setUpClass -->
        <test-method signature="runScenario(io.cucumber.testng.PickleWrapper,io.cucumber.testng.FeatureWrapper)[pri:0, instance:paralel.RunCucumberTest@33afa13b]" started-at="2023-08-23T15:37:03 EDT" name="runScenario" description="Runs Cucumber Scenarios" data-provider="scenarios" finished-at="2023-08-23T15:37:03 EDT" duration-ms="29" status="PASS">
          <params>
            <param index="0">
              <value>
                <![CDATA["Scenario Number Two"]]>
              </value>
            </param>
            <param index="1">
              <value>
                <![CDATA["Scenarios feature file"]]>
              </value>
            </param>
          </params>
          <reporter-output>
          </reporter-output>
        </test-method> <!-- runScenario -->
        <test-method signature="runScenario(io.cucumber.testng.PickleWrapper,io.cucumber.testng.FeatureWrapper)[pri:0, instance:paralel.RunCucumberTest@33afa13b]" started-at="2023-08-23T15:37:03 EDT" name="runScenario" description="Runs Cucumber Scenarios" data-provider="scenarios" finished-at="2023-08-23T15:37:03 EDT" duration-ms="29" status="PASS">
          <params>
            <param index="0">
              <value>
                <![CDATA["Scenario Number One"]]>
              </value>
            </param>
            <param index="1">
              <value>
                <![CDATA["Scenarios feature file"]]>
              </value>
            </param>
          </params>
          <reporter-output>
          </reporter-output>
        </test-method> <!-- runScenario -->
        <test-method is-config="true" signature="tearDownClass()[pri:0, instance:paralel.RunCucumberTest@33afa13b]" started-at="2023-08-23T15:37:03 EDT" name="tearDownClass" finished-at="2023-08-23T15:37:04 EDT" duration-ms="1219" status="PASS">
          <reporter-output>
          </reporter-output>
        </test-method> <!-- tearDownClass -->
      </class> <!-- paralel.RunCucumberTest -->
      <class name="poi.LoginRunnerTest">
        <test-method is-config="true" signature="setUpClass(org.testng.ITestContext)[pri:0, instance:poi.LoginRunnerTest@6b26e945]" started-at="2023-08-23T15:37:04 EDT" name="setUpClass" finished-at="2023-08-23T15:37:04 EDT" duration-ms="32" status="PASS">
          <params>
            <param index="0">
              <value>
                <![CDATA[org.testng.TestRunner@607b2792]]>
              </value>
            </param>
          </params>
          <reporter-output>
          </reporter-output>
        </test-method> <!-- setUpClass -->
        <test-method signature="runScenario(io.cucumber.testng.PickleWrapper,io.cucumber.testng.FeatureWrapper)[pri:0, instance:poi.LoginRunnerTest@6b26e945]" started-at="2023-08-23T15:37:04 EDT" name="runScenario" description="Runs Cucumber Scenarios" data-provider="scenarios" finished-at="2023-08-23T15:37:09 EDT" duration-ms="4868" status="PASS">
          <params>
            <param index="0">
              <value>
                <![CDATA["Login with valid username and password chrome"]]>
              </value>
            </param>
            <param index="1">
              <value>
                <![CDATA["Login Functionality"]]>
              </value>
            </param>
          </params>
          <reporter-output>
          </reporter-output>
        </test-method> <!-- runScenario -->
        <test-method is-config="true" signature="tearDownClass()[pri:0, instance:poi.LoginRunnerTest@6b26e945]" started-at="2023-08-23T15:37:09 EDT" name="tearDownClass" finished-at="2023-08-23T15:37:10 EDT" duration-ms="1114" status="PASS">
          <reporter-output>
          </reporter-output>
        </test-method> <!-- tearDownClass -->
      </class> <!-- poi.LoginRunnerTest -->
    </test> <!-- Surefire test -->
  </suite> <!-- Surefire suite -->
</testng-results>
